TN:
SF:server-cal-ai.js
FN:66,(anonymous_0)
FN:79,(anonymous_1)
FN:202,(anonymous_2)
FN:210,(anonymous_3)
FN:221,(anonymous_4)
FN:223,(anonymous_5)
FN:253,(anonymous_6)
FN:283,(anonymous_7)
FN:311,(anonymous_8)
FN:323,(anonymous_9)
FN:334,(anonymous_10)
FN:381,(anonymous_11)
FN:393,(anonymous_12)
FN:440,(anonymous_13)
FN:520,(anonymous_14)
FN:533,(anonymous_15)
FN:605,(anonymous_16)
FN:643,(anonymous_17)
FN:689,(anonymous_18)
FN:705,(anonymous_19)
FN:727,(anonymous_20)
FN:765,(anonymous_21)
FN:784,(anonymous_22)
FN:809,(anonymous_23)
FN:814,(anonymous_24)
FN:841,(anonymous_25)
FN:865,(anonymous_26)
FN:869,(anonymous_27)
FN:897,(anonymous_28)
FN:908,(anonymous_29)
FN:928,(anonymous_30)
FN:933,(anonymous_31)
FN:950,(anonymous_32)
FN:952,(anonymous_33)
FN:955,(anonymous_34)
FNF:35
FNH:0
FNDA:0,(anonymous_0)
FNDA:0,(anonymous_1)
FNDA:0,(anonymous_2)
FNDA:0,(anonymous_3)
FNDA:0,(anonymous_4)
FNDA:0,(anonymous_5)
FNDA:0,(anonymous_6)
FNDA:0,(anonymous_7)
FNDA:0,(anonymous_8)
FNDA:0,(anonymous_9)
FNDA:0,(anonymous_10)
FNDA:0,(anonymous_11)
FNDA:0,(anonymous_12)
FNDA:0,(anonymous_13)
FNDA:0,(anonymous_14)
FNDA:0,(anonymous_15)
FNDA:0,(anonymous_16)
FNDA:0,(anonymous_17)
FNDA:0,(anonymous_18)
FNDA:0,(anonymous_19)
FNDA:0,(anonymous_20)
FNDA:0,(anonymous_21)
FNDA:0,(anonymous_22)
FNDA:0,(anonymous_23)
FNDA:0,(anonymous_24)
FNDA:0,(anonymous_25)
FNDA:0,(anonymous_26)
FNDA:0,(anonymous_27)
FNDA:0,(anonymous_28)
FNDA:0,(anonymous_29)
FNDA:0,(anonymous_30)
FNDA:0,(anonymous_31)
FNDA:0,(anonymous_32)
FNDA:0,(anonymous_33)
FNDA:0,(anonymous_34)
DA:4,0
DA:5,0
DA:6,0
DA:7,0
DA:8,0
DA:9,0
DA:10,0
DA:11,0
DA:12,0
DA:13,0
DA:14,0
DA:15,0
DA:16,0
DA:17,0
DA:19,0
DA:20,0
DA:22,0
DA:25,0
DA:37,0
DA:38,0
DA:41,0
DA:47,0
DA:53,0
DA:54,0
DA:57,0
DA:58,0
DA:59,0
DA:62,0
DA:63,0
DA:67,0
DA:68,0
DA:70,0
DA:76,0
DA:79,0
DA:81,0
DA:95,0
DA:120,0
DA:133,0
DA:152,0
DA:167,0
DA:187,0
DA:202,0
DA:203,0
DA:204,0
DA:206,0
DA:207,0
DA:210,0
DA:211,0
DA:212,0
DA:214,0
DA:215,0
DA:220,0
DA:223,0
DA:225,0
DA:255,0
DA:266,0
DA:267,0
DA:268,0
DA:280,0
DA:284,0
DA:304,0
DA:312,0
DA:313,0
DA:314,0
DA:315,0
DA:318,0
DA:320,0
DA:324,0
DA:325,0
DA:326,0
DA:328,0
DA:329,0
DA:331,0
DA:335,0
DA:336,0
DA:339,0
DA:346,0
DA:350,0
DA:356,0
DA:373,0
DA:378,0
DA:382,0
DA:383,0
DA:384,0
DA:385,0
DA:388,0
DA:390,0
DA:394,0
DA:395,0
DA:396,0
DA:398,0
DA:399,0
DA:400,0
DA:403,0
DA:408,0
DA:414,0
DA:429,0
DA:436,0
DA:441,0
DA:442,0
DA:443,0
DA:446,0
DA:449,0
DA:454,0
DA:455,0
DA:462,0
DA:468,0
DA:469,0
DA:470,0
DA:492,0
DA:507,0
DA:508,0
DA:516,0
DA:521,0
DA:522,0
DA:523,0
DA:524,0
DA:527,0
DA:530,0
DA:534,0
DA:536,0
DA:537,0
DA:558,0
DA:560,0
DA:561,0
DA:567,0
DA:568,0
DA:569,0
DA:587,0
DA:595,0
DA:596,0
DA:601,0
DA:606,0
DA:607,0
DA:608,0
DA:609,0
DA:612,0
DA:613,0
DA:615,0
DA:616,0
DA:621,0
DA:628,0
DA:629,0
DA:636,0
DA:644,0
DA:645,0
DA:646,0
DA:647,0
DA:650,0
DA:651,0
DA:653,0
DA:654,0
DA:675,0
DA:683,0
DA:684,0
DA:689,0
DA:690,0
DA:691,0
DA:692,0
DA:694,0
DA:695,0
DA:697,0
DA:698,0
DA:699,0
DA:702,0
DA:703,0
DA:705,0
DA:706,0
DA:709,0
DA:725,0
DA:727,0
DA:728,0
DA:730,0
DA:743,0
DA:744,0
DA:750,0
DA:766,0
DA:767,0
DA:768,0
DA:769,0
DA:778,0
DA:780,0
DA:785,0
DA:786,0
DA:790,0
DA:801,0
DA:802,0
DA:809,0
DA:810,0
DA:811,0
DA:815,0
DA:817,0
DA:819,0
DA:828,0
DA:842,0
DA:843,0
DA:846,0
DA:853,0
DA:858,0
DA:859,0
DA:865,0
DA:866,0
DA:869,0
DA:870,0
DA:897,0
DA:898,0
DA:908,0
DA:909,0
DA:911,0
DA:912,0
DA:913,0
DA:919,0
DA:928,0
DA:929,0
DA:933,0
DA:934,0
DA:935,0
DA:936,0
DA:937,0
DA:938,0
DA:939,0
DA:940,0
DA:941,0
DA:942,0
DA:943,0
DA:944,0
DA:945,0
DA:946,0
DA:950,0
DA:951,0
DA:952,0
DA:953,0
DA:954,0
DA:955,0
DA:956,0
DA:957,0
DA:962,0
LF:237
LH:0
BRDA:20,0,0,0
BRDA:20,0,1,0
BRDA:22,1,0,0
BRDA:22,1,1,0
BRDA:67,2,0,0
BRDA:67,2,1,0
BRDA:204,3,0,0
BRDA:204,3,1,0
BRDA:206,4,0,0
BRDA:206,4,1,0
BRDA:211,5,0,0
BRDA:211,5,1,0
BRDA:221,6,0,0
BRDA:267,7,0,0
BRDA:267,7,1,0
BRDA:314,8,0,0
BRDA:314,8,1,0
BRDA:318,9,0,0
BRDA:324,10,0,0
BRDA:324,10,1,0
BRDA:325,11,0,0
BRDA:325,11,1,0
BRDA:335,12,0,0
BRDA:335,12,1,0
BRDA:384,13,0,0
BRDA:384,13,1,0
BRDA:394,14,0,0
BRDA:394,14,1,0
BRDA:395,15,0,0
BRDA:395,15,1,0
BRDA:399,16,0,0
BRDA:399,16,1,0
BRDA:442,17,0,0
BRDA:442,17,1,0
BRDA:446,18,0,0
BRDA:446,18,1,0
BRDA:454,19,0,0
BRDA:454,19,1,0
BRDA:484,20,0,0
BRDA:484,20,1,0
BRDA:501,21,0,0
BRDA:501,21,1,0
BRDA:523,22,0,0
BRDA:523,22,1,0
BRDA:534,23,0,0
BRDA:534,23,1,0
BRDA:536,24,0,0
BRDA:536,24,1,0
BRDA:560,25,0,0
BRDA:560,25,1,0
BRDA:567,26,0,0
BRDA:567,26,1,0
BRDA:577,27,0,0
BRDA:577,27,1,0
BRDA:608,28,0,0
BRDA:608,28,1,0
BRDA:615,29,0,0
BRDA:615,29,1,0
BRDA:646,30,0,0
BRDA:646,30,1,0
BRDA:691,31,0,0
BRDA:691,32,0,0
BRDA:697,33,0,0
BRDA:697,33,1,0
BRDA:706,34,0,0
BRDA:706,34,1,0
BRDA:719,35,0,0
BRDA:719,35,1,0
BRDA:725,36,0,0
BRDA:725,36,1,0
BRDA:728,37,0,0
BRDA:728,37,1,0
BRDA:768,38,0,0
BRDA:768,38,1,0
BRDA:776,39,0,0
BRDA:783,40,0,0
BRDA:783,40,1,0
BRDA:785,41,0,0
BRDA:785,41,1,0
BRDA:815,42,0,0
BRDA:815,42,1,0
BRDA:817,43,0,0
BRDA:817,43,1,0
BRDA:842,44,0,0
BRDA:842,44,1,0
BRDA:911,45,0,0
BRDA:911,45,1,0
BRDA:912,46,0,0
BRDA:912,46,1,0
BRDA:922,47,0,0
BRDA:922,47,1,0
BRDA:953,48,0,0
BRDA:953,48,1,0
BRF:93
BRH:0
end_of_record
TN:
SF:server-new.js
FN:63,(anonymous_0)
FN:76,(anonymous_1)
FN:169,(anonymous_2)
FN:177,(anonymous_3)
FN:189,(anonymous_4)
FN:210,(anonymous_5)
FN:223,(anonymous_6)
FN:238,(anonymous_7)
FN:294,(anonymous_8)
FN:306,(anonymous_9)
FN:362,(anonymous_10)
FN:437,(anonymous_11)
FN:450,(anonymous_12)
FN:531,(anonymous_13)
FN:594,(anonymous_14)
FN:638,(anonymous_15)
FN:657,(anonymous_16)
FN:681,(anonymous_17)
FN:713,(anonymous_18)
FN:740,(anonymous_19)
FN:780,(anonymous_20)
FN:793,(anonymous_21)
FN:815,(anonymous_22)
FN:833,(anonymous_23)
FN:844,(anonymous_24)
FN:859,(anonymous_25)
FN:864,(anonymous_26)
FN:893,(anonymous_27)
FN:931,(anonymous_28)
FN:959,(anonymous_29)
FN:982,(anonymous_30)
FN:1002,(anonymous_31)
FN:1011,(anonymous_32)
FN:1019,(anonymous_33)
FN:1026,(anonymous_34)
FN:1035,(anonymous_35)
FN:1091,(anonymous_36)
FN:1096,(anonymous_37)
FN:1136,(anonymous_38)
FN:1146,(anonymous_39)
FN:1167,(anonymous_40)
FN:1172,(anonymous_41)
FN:1189,(anonymous_42)
FN:1191,(anonymous_43)
FN:1197,(anonymous_44)
FNF:45
FNH:0
FNDA:0,(anonymous_0)
FNDA:0,(anonymous_1)
FNDA:0,(anonymous_2)
FNDA:0,(anonymous_3)
FNDA:0,(anonymous_4)
FNDA:0,(anonymous_5)
FNDA:0,(anonymous_6)
FNDA:0,(anonymous_7)
FNDA:0,(anonymous_8)
FNDA:0,(anonymous_9)
FNDA:0,(anonymous_10)
FNDA:0,(anonymous_11)
FNDA:0,(anonymous_12)
FNDA:0,(anonymous_13)
FNDA:0,(anonymous_14)
FNDA:0,(anonymous_15)
FNDA:0,(anonymous_16)
FNDA:0,(anonymous_17)
FNDA:0,(anonymous_18)
FNDA:0,(anonymous_19)
FNDA:0,(anonymous_20)
FNDA:0,(anonymous_21)
FNDA:0,(anonymous_22)
FNDA:0,(anonymous_23)
FNDA:0,(anonymous_24)
FNDA:0,(anonymous_25)
FNDA:0,(anonymous_26)
FNDA:0,(anonymous_27)
FNDA:0,(anonymous_28)
FNDA:0,(anonymous_29)
FNDA:0,(anonymous_30)
FNDA:0,(anonymous_31)
FNDA:0,(anonymous_32)
FNDA:0,(anonymous_33)
FNDA:0,(anonymous_34)
FNDA:0,(anonymous_35)
FNDA:0,(anonymous_36)
FNDA:0,(anonymous_37)
FNDA:0,(anonymous_38)
FNDA:0,(anonymous_39)
FNDA:0,(anonymous_40)
FNDA:0,(anonymous_41)
FNDA:0,(anonymous_42)
FNDA:0,(anonymous_43)
FNDA:0,(anonymous_44)
DA:1,0
DA:2,0
DA:3,0
DA:4,0
DA:5,0
DA:6,0
DA:7,0
DA:8,0
DA:9,0
DA:10,0
DA:11,0
DA:12,0
DA:13,0
DA:14,0
DA:17,0
DA:19,0
DA:20,0
DA:22,0
DA:26,0
DA:27,0
DA:28,0
DA:31,0
DA:39,0
DA:48,0
DA:49,0
DA:52,0
DA:53,0
DA:54,0
DA:57,0
DA:58,0
DA:64,0
DA:65,0
DA:67,0
DA:73,0
DA:76,0
DA:78,0
DA:90,0
DA:110,0
DA:122,0
DA:136,0
DA:154,0
DA:169,0
DA:170,0
DA:171,0
DA:173,0
DA:174,0
DA:177,0
DA:178,0
DA:179,0
DA:181,0
DA:182,0
DA:187,0
DA:190,0
DA:191,0
DA:192,0
DA:194,0
DA:202,0
DA:211,0
DA:212,0
DA:213,0
DA:214,0
DA:217,0
DA:220,0
DA:224,0
DA:225,0
DA:228,0
DA:229,0
DA:232,0
DA:233,0
DA:235,0
DA:239,0
DA:240,0
DA:244,0
DA:251,0
DA:264,0
DA:270,0
DA:286,0
DA:291,0
DA:295,0
DA:296,0
DA:297,0
DA:298,0
DA:301,0
DA:303,0
DA:307,0
DA:308,0
DA:311,0
DA:312,0
DA:315,0
DA:316,0
DA:317,0
DA:321,0
DA:326,0
DA:332,0
DA:347,0
DA:357,0
DA:363,0
DA:364,0
DA:365,0
DA:368,0
DA:371,0
DA:373,0
DA:374,0
DA:382,0
DA:385,0
DA:386,0
DA:407,0
DA:423,0
DA:424,0
DA:433,0
DA:438,0
DA:439,0
DA:440,0
DA:441,0
DA:444,0
DA:447,0
DA:451,0
DA:452,0
DA:455,0
DA:457,0
DA:484,0
DA:486,0
DA:487,0
DA:493,0
DA:494,0
DA:495,0
DA:512,0
DA:520,0
DA:521,0
DA:527,0
DA:532,0
DA:533,0
DA:534,0
DA:535,0
DA:538,0
DA:540,0
DA:542,0
DA:543,0
DA:549,0
DA:550,0
DA:569,0
DA:575,0
DA:576,0
DA:586,0
DA:595,0
DA:596,0
DA:597,0
DA:598,0
DA:601,0
DA:602,0
DA:605,0
DA:606,0
DA:625,0
DA:631,0
DA:632,0
DA:638,0
DA:639,0
DA:640,0
DA:641,0
DA:643,0
DA:647,0
DA:649,0
DA:650,0
DA:651,0
DA:654,0
DA:655,0
DA:657,0
DA:658,0
DA:659,0
DA:663,0
DA:679,0
DA:681,0
DA:682,0
DA:683,0
DA:686,0
DA:699,0
DA:700,0
DA:705,0
DA:714,0
DA:715,0
DA:716,0
DA:717,0
DA:720,0
DA:722,0
DA:741,0
DA:742,0
DA:745,0
DA:754,0
DA:755,0
DA:765,0
DA:781,0
DA:782,0
DA:783,0
DA:784,0
DA:787,0
DA:789,0
DA:794,0
DA:795,0
DA:800,0
DA:808,0
DA:809,0
DA:815,0
DA:816,0
DA:817,0
DA:819,0
DA:824,0
DA:826,0
DA:827,0
DA:828,0
DA:831,0
DA:833,0
DA:834,0
DA:835,0
DA:838,0
DA:844,0
DA:849,0
DA:850,0
DA:859,0
DA:860,0
DA:861,0
DA:865,0
DA:866,0
DA:869,0
DA:871,0
DA:880,0
DA:894,0
DA:895,0
DA:900,0
DA:907,0
DA:915,0
DA:916,0
DA:921,0
DA:932,0
DA:933,0
DA:934,0
DA:935,0
DA:938,0
DA:940,0
DA:960,0
DA:961,0
DA:964,0
DA:971,0
DA:972,0
DA:982,0
DA:983,0
DA:984,0
DA:987,0
DA:1002,0
DA:1003,0
DA:1004,0
DA:1008,0
DA:1012,0
DA:1013,0
DA:1017,0
DA:1019,0
DA:1026,0
DA:1035,0
DA:1060,0
DA:1061,0
DA:1065,0
DA:1066,0
DA:1071,0
DA:1081,0
DA:1082,0
DA:1091,0
DA:1092,0
DA:1096,0
DA:1097,0
DA:1136,0
DA:1137,0
DA:1146,0
DA:1147,0
DA:1149,0
DA:1150,0
DA:1151,0
DA:1157,0
DA:1167,0
DA:1168,0
DA:1172,0
DA:1173,0
DA:1174,0
DA:1175,0
DA:1176,0
DA:1177,0
DA:1178,0
DA:1179,0
DA:1180,0
DA:1181,0
DA:1182,0
DA:1183,0
DA:1184,0
DA:1185,0
DA:1189,0
DA:1190,0
DA:1191,0
DA:1192,0
DA:1193,0
DA:1195,0
DA:1197,0
DA:1198,0
DA:1199,0
DA:1204,0
LF:302
LH:0
BRDA:20,0,0,0
BRDA:20,0,1,0
BRDA:22,1,0,0
BRDA:22,1,1,0
BRDA:64,2,0,0
BRDA:64,2,1,0
BRDA:171,3,0,0
BRDA:171,3,1,0
BRDA:173,4,0,0
BRDA:173,4,1,0
BRDA:178,5,0,0
BRDA:178,5,1,0
BRDA:191,6,0,0
BRDA:191,6,1,0
BRDA:213,7,0,0
BRDA:213,7,1,0
BRDA:224,8,0,0
BRDA:224,8,1,0
BRDA:228,9,0,0
BRDA:228,9,1,0
BRDA:233,10,0,0
BRDA:233,10,1,0
BRDA:239,11,0,0
BRDA:239,11,1,0
BRDA:297,12,0,0
BRDA:297,12,1,0
BRDA:307,13,0,0
BRDA:307,13,1,0
BRDA:311,14,0,0
BRDA:311,14,1,0
BRDA:316,15,0,0
BRDA:316,15,1,0
BRDA:341,16,0,0
BRDA:341,16,1,0
BRDA:364,17,0,0
BRDA:364,17,1,0
BRDA:368,18,0,0
BRDA:368,18,1,0
BRDA:373,19,0,0
BRDA:373,19,1,0
BRDA:399,20,0,0
BRDA:399,20,1,0
BRDA:414,21,0,0
BRDA:414,21,1,0
BRDA:417,22,0,0
BRDA:417,22,1,0
BRDA:440,23,0,0
BRDA:440,23,1,0
BRDA:451,24,0,0
BRDA:451,24,1,0
BRDA:455,25,0,0
BRDA:455,25,1,0
BRDA:486,26,0,0
BRDA:486,26,1,0
BRDA:493,27,0,0
BRDA:493,27,1,0
BRDA:502,28,0,0
BRDA:502,28,1,0
BRDA:534,29,0,0
BRDA:534,29,1,0
BRDA:542,30,0,0
BRDA:542,30,1,0
BRDA:542,31,0,0
BRDA:542,31,1,0
BRDA:597,32,0,0
BRDA:597,32,1,0
BRDA:640,33,0,0
BRDA:640,34,0,0
BRDA:649,35,0,0
BRDA:649,35,1,0
BRDA:658,36,0,0
BRDA:658,36,1,0
BRDA:673,37,0,0
BRDA:673,37,1,0
BRDA:679,38,0,0
BRDA:679,38,1,0
BRDA:682,39,0,0
BRDA:682,39,1,0
BRDA:716,40,0,0
BRDA:716,40,1,0
BRDA:741,41,0,0
BRDA:741,41,1,0
BRDA:783,42,0,0
BRDA:783,42,1,0
BRDA:787,43,0,0
BRDA:794,44,0,0
BRDA:794,44,1,0
BRDA:817,45,0,0
BRDA:826,46,0,0
BRDA:826,46,1,0
BRDA:834,47,0,0
BRDA:834,47,1,0
BRDA:865,48,0,0
BRDA:865,48,1,0
BRDA:869,49,0,0
BRDA:869,49,1,0
BRDA:894,50,0,0
BRDA:894,50,1,0
BRDA:934,51,0,0
BRDA:934,51,1,0
BRDA:960,52,0,0
BRDA:960,52,1,0
BRDA:984,53,0,0
BRDA:1003,54,0,0
BRDA:1003,54,1,0
BRDA:1012,55,0,0
BRDA:1012,55,1,0
BRDA:1019,56,0,0
BRDA:1019,56,1,0
BRDA:1021,57,0,0
BRDA:1021,57,1,0
BRDA:1024,58,0,0
BRDA:1024,58,1,0
BRDA:1033,59,0,0
BRDA:1033,59,1,0
BRDA:1045,60,0,0
BRDA:1045,60,1,0
BRDA:1046,61,0,0
BRDA:1046,61,1,0
BRDA:1052,62,0,0
BRDA:1052,62,1,0
BRDA:1060,63,0,0
BRDA:1060,63,1,0
BRDA:1065,64,0,0
BRDA:1065,64,1,0
BRDA:1149,65,0,0
BRDA:1149,65,1,0
BRDA:1150,66,0,0
BRDA:1150,66,1,0
BRDA:1160,67,0,0
BRDA:1160,67,1,0
BRDA:1192,68,0,0
BRDA:1192,68,1,0
BRF:133
BRH:0
end_of_record
TN:
SF:server.js
FN:24,(anonymous_0)
FN:35,(anonymous_1)
FN:43,(anonymous_2)
FN:53,(anonymous_3)
FN:74,(anonymous_4)
FN:94,(anonymous_5)
FN:127,(anonymous_6)
FN:141,(anonymous_7)
FN:180,(anonymous_8)
FN:184,(anonymous_9)
FN:199,(anonymous_10)
FN:200,(anonymous_11)
FN:210,(anonymous_12)
FN:215,(anonymous_13)
FN:221,(anonymous_14)
FN:222,(anonymous_15)
FNF:16
FNH:0
FNDA:0,(anonymous_0)
FNDA:0,(anonymous_1)
FNDA:0,(anonymous_2)
FNDA:0,(anonymous_3)
FNDA:0,(anonymous_4)
FNDA:0,(anonymous_5)
FNDA:0,(anonymous_6)
FNDA:0,(anonymous_7)
FNDA:0,(anonymous_8)
FNDA:0,(anonymous_9)
FNDA:0,(anonymous_10)
FNDA:0,(anonymous_11)
FNDA:0,(anonymous_12)
FNDA:0,(anonymous_13)
FNDA:0,(anonymous_14)
FNDA:0,(anonymous_15)
DA:1,0
DA:2,0
DA:3,0
DA:4,0
DA:5,0
DA:6,0
DA:7,0
DA:9,0
DA:10,0
DA:12,0
DA:16,0
DA:17,0
DA:18,0
DA:21,0
DA:24,0
DA:25,0
DA:35,0
DA:36,0
DA:37,0
DA:39,0
DA:40,0
DA:43,0
DA:44,0
DA:45,0
DA:47,0
DA:48,0
DA:53,0
DA:54,0
DA:55,0
DA:58,0
DA:59,0
DA:64,0
DA:65,0
DA:71,0
DA:75,0
DA:76,0
DA:79,0
DA:80,0
DA:88,0
DA:91,0
DA:95,0
DA:96,0
DA:102,0
DA:108,0
DA:122,0
DA:127,0
DA:128,0
DA:129,0
DA:131,0
DA:132,0
DA:138,0
DA:142,0
DA:143,0
DA:146,0
DA:147,0
DA:151,0
DA:152,0
DA:153,0
DA:157,0
DA:163,0
DA:175,0
DA:180,0
DA:181,0
DA:185,0
DA:186,0
DA:189,0
DA:190,0
DA:193,0
DA:199,0
DA:200,0
DA:201,0
DA:202,0
DA:205,0
DA:210,0
DA:211,0
DA:215,0
DA:216,0
DA:217,0
DA:221,0
DA:222,0
DA:223,0
DA:224,0
DA:226,0
DA:227,0
LF:84
LH:0
BRDA:10,0,0,0
BRDA:10,0,1,0
BRDA:12,1,0,0
BRDA:12,1,1,0
BRDA:37,2,0,0
BRDA:37,2,1,0
BRDA:39,3,0,0
BRDA:39,3,1,0
BRDA:44,4,0,0
BRDA:44,4,1,0
BRDA:58,5,0,0
BRDA:58,5,1,0
BRDA:58,6,0,0
BRDA:58,6,1,0
BRDA:58,6,2,0
BRDA:64,7,0,0
BRDA:64,7,1,0
BRDA:75,8,0,0
BRDA:75,8,1,0
BRDA:79,9,0,0
BRDA:79,9,1,0
BRDA:95,10,0,0
BRDA:95,10,1,0
BRDA:131,11,0,0
BRDA:131,11,1,0
BRDA:131,12,0,0
BRDA:131,12,1,0
BRDA:142,13,0,0
BRDA:142,13,1,0
BRDA:146,14,0,0
BRDA:146,14,1,0
BRDA:152,15,0,0
BRDA:152,15,1,0
BRDA:185,16,0,0
BRDA:185,16,1,0
BRDA:189,17,0,0
BRDA:189,17,1,0
BRDA:201,18,0,0
BRDA:201,18,1,0
BRDA:223,19,0,0
BRDA:223,19,1,0
BRF:41
BRH:0
end_of_record
TN:
SF:services\aiService.js
FN:5,(anonymous_0)
FN:16,(anonymous_1)
FN:63,(anonymous_2)
FN:121,(anonymous_3)
FN:147,(anonymous_4)
FN:151,(anonymous_5)
FN:152,(anonymous_6)
FN:153,(anonymous_7)
FN:176,(anonymous_8)
FN:213,(anonymous_9)
FN:224,(anonymous_10)
FN:247,(anonymous_11)
FN:253,(anonymous_12)
FN:255,(anonymous_13)
FN:278,(anonymous_14)
FN:282,(anonymous_15)
FN:288,(anonymous_16)
FN:290,(anonymous_17)
FN:300,(anonymous_18)
FN:310,(anonymous_19)
FN:328,(anonymous_20)
FN:348,(anonymous_21)
FN:355,(anonymous_22)
FN:366,(anonymous_23)
FN:385,(anonymous_24)
FNF:25
FNH:20
FNDA:1,(anonymous_0)
FNDA:6,(anonymous_1)
FNDA:10,(anonymous_2)
FNDA:0,(anonymous_3)
FNDA:0,(anonymous_4)
FNDA:0,(anonymous_5)
FNDA:0,(anonymous_6)
FNDA:0,(anonymous_7)
FNDA:1,(anonymous_8)
FNDA:3,(anonymous_9)
FNDA:2,(anonymous_10)
FNDA:6,(anonymous_11)
FNDA:5,(anonymous_12)
FNDA:8,(anonymous_13)
FNDA:8,(anonymous_14)
FNDA:10,(anonymous_15)
FNDA:4,(anonymous_16)
FNDA:7,(anonymous_17)
FNDA:1,(anonymous_18)
FNDA:2,(anonymous_19)
FNDA:6,(anonymous_20)
FNDA:2,(anonymous_21)
FNDA:4,(anonymous_22)
FNDA:1,(anonymous_23)
FNDA:2,(anonymous_24)
DA:1,1
DA:2,1
DA:6,1
DA:7,1
DA:17,6
DA:19,6
DA:22,6
DA:25,4
DA:29,1
DA:32,1
DA:36,4
DA:37,1
DA:41,4
DA:43,4
DA:51,2
DA:52,2
DA:64,10
DA:65,10
DA:98,8
DA:101,6
DA:102,6
DA:103,5
DA:110,1
DA:113,4
DA:114,4
DA:122,0
DA:123,0
DA:137,0
DA:139,0
DA:140,0
DA:148,0
DA:150,0
DA:151,0
DA:152,0
DA:153,0
DA:156,0
DA:157,0
DA:158,0
DA:159,0
DA:161,0
DA:162,0
DA:166,0
DA:168,0
DA:169,0
DA:177,1
DA:178,1
DA:198,1
DA:199,1
DA:205,0
DA:206,0
DA:214,3
DA:216,2
DA:218,2
DA:224,2
DA:234,2
DA:235,2
DA:237,2
DA:239,0
DA:240,0
DA:251,6
DA:253,6
DA:254,5
DA:255,8
DA:258,5
DA:259,2
DA:271,3
DA:274,6
DA:279,8
DA:282,10
DA:285,6
DA:289,4
DA:290,7
DA:302,1
DA:311,2
DA:330,6
DA:350,2
DA:351,2
DA:352,2
DA:357,4
DA:358,4
DA:359,3
DA:360,3
DA:361,3
DA:363,1
DA:368,1
DA:386,2
DA:388,1
DA:389,1
DA:412,1
LF:89
LH:66
BRDA:16,0,0,5
BRDA:25,1,0,1
BRDA:25,1,1,3
BRDA:26,2,0,4
BRDA:26,2,1,4
BRDA:36,3,0,1
BRDA:36,3,1,3
BRDA:36,4,0,4
BRDA:36,4,1,1
BRDA:159,5,0,0
BRDA:159,5,1,0
BRDA:214,6,0,1
BRDA:214,6,1,2
BRDA:214,7,0,3
BRDA:214,7,1,2
BRDA:258,8,0,2
BRDA:258,8,1,3
BRDA:279,9,0,2
BRDA:279,9,1,6
BRDA:279,10,0,8
BRDA:279,10,1,8
BRDA:282,11,0,10
BRDA:282,11,1,1
BRDA:291,12,0,7
BRDA:291,12,1,1
BRDA:292,13,0,7
BRDA:292,13,1,1
BRDA:293,14,0,7
BRDA:293,14,1,1
BRDA:294,15,0,7
BRDA:294,15,1,1
BRDA:303,16,0,1
BRDA:303,16,1,0
BRDA:358,17,0,3
BRDA:358,17,1,1
BRDA:386,18,0,1
BRDA:386,18,1,1
BRDA:386,19,0,2
BRDA:386,19,1,2
BRF:39
BRH:36
end_of_record
